<?xml version="1.0" encoding="UTF-8"?>
<!-- Generated by org.testng.reporters.JUnitXMLReporter -->
<testsuite hostname="PUN-WKS-AC422" ignored="0" name="Regression Test" tests="18" failures="1" timestamp="16 Nov 2018 11:29:09 GMT" time="229.653" errors="0">
  <testcase name="AdminPageTest" time="2.728" classname="com.testcases.HomePageTest"/>
  <testcase name="configurationPageTest" time="1.706" classname="com.testcases.HomePageTest"/>
  <testcase name="jobPageTest" time="3.276" classname="com.testcases.HomePageTest"/>
  <testcase name="jobTitlePageTest" time="3.751" classname="com.testcases.HomePageTest"/>
  <testcase name="notificationPageTest" time="3.041" classname="com.testcases.HomePageTest"/>
  <testcase name="organizationPageTest" time="3.178" classname="com.testcases.HomePageTest"/>
  <testcase name="qualificationPageTest" time="3.029" classname="com.testcases.HomePageTest"/>
  <testcase name="fbLinkTest" time="0.114" classname="com.testcases.LoginPageTest"/>
  <testcase name="linkedInLinkTest" time="0.088" classname="com.testcases.LoginPageTest"/>
  <testcase name="loginPageTitleTest" time="0.03" classname="com.testcases.LoginPageTest"/>
  <testcase name="loginTest" time="3.707" classname="com.testcases.LoginPageTest"/>
  <testcase name="twitterLinkTest" time="0.123" classname="com.testcases.LoginPageTest"/>
  <testcase name="validatImageTest" time="0.042" classname="com.testcases.LoginPageTest"/>
  <testcase name="youtubeLinkTest" time="0.112" classname="com.testcases.LoginPageTest"/>
  <testcase name="addUser" time="1.519" classname="com.testcases.UserManagementPageTest"/>
  <testcase name="addUser" time="1.558" classname="com.testcases.UserManagementPageTest"/>
  <testcase name="verifyUserManagementPage" time="10.427" classname="com.testcases.UserManagementPageTest">
    <failure type="org.openqa.selenium.NoSuchElementException" message="no such element: Unable to locate element: {&amp;quot;method&amp;quot;:&amp;quot;xpath&amp;quot;,&amp;quot;selector&amp;quot;:&amp;quot;//a[text()=&amp;apos;teste1&amp;apos;]//parent::td//preceding-sibling::td&amp;quot;}
  (Session info: chrome=70.0.3538.77)
  (Driver info: chromedriver=2.42.591088 (7b2b2dca23cca0862f674758c9a3933e685c27d5),platform=Windows NT 10.0.17134 x86_64) (WARNING: The server did not provide any stacktrace information)
Command duration or timeout: 0 milliseconds
For documentation on this error, please visit: http://seleniumhq.org/exceptions/no_such_element.html
Build info: version: &amp;apos;3.14.0&amp;apos;, revision: &amp;apos;aacccce0&amp;apos;, time: &amp;apos;2018-08-02T20:19:58.91Z&amp;apos;
System info: host: &amp;apos;PUN-WKS-AC422&amp;apos;, ip: &amp;apos;10.206.35.55&amp;apos;, os.name: &amp;apos;Windows 10&amp;apos;, os.arch: &amp;apos;amd64&amp;apos;, os.version: &amp;apos;10.0&amp;apos;, java.version: &amp;apos;1.8.0_181&amp;apos;
Driver info: org.openqa.selenium.chrome.ChromeDriver
Capabilities {acceptInsecureCerts: false, acceptSslCerts: false, applicationCacheEnabled: false, browserConnectionEnabled: false, browserName: chrome, chrome: {chromedriverVersion: 2.42.591088 (7b2b2dca23cca0..., userDataDir: C:\Users\DJadhav\AppData\Lo...}, cssSelectorsEnabled: true, databaseEnabled: false, goog:chromeOptions: {debuggerAddress: localhost:60463}, handlesAlerts: true, hasTouchScreen: false, javascriptEnabled: true, locationContextEnabled: true, mobileEmulationEnabled: false, nativeEvents: true, networkConnectionEnabled: false, pageLoadStrategy: normal, platform: XP, platformName: XP, rotatable: false, setWindowRect: true, takesHeapSnapshot: true, takesScreenshot: true, unexpectedAlertBehaviour: , unhandledPromptBehavior: , version: 70.0.3538.77, webStorageEnabled: true}
Session ID: b232956a0244facebadf4dffc4e3c3b7
*** Element info: {Using=xpath, value=//a[text()=&amp;apos;teste1&amp;apos;]//parent::td//preceding-sibling::td}">
      <![CDATA[org.openqa.selenium.NoSuchElementException: no such element: Unable to locate element: {"method":"xpath","selector":"//a[text()='teste1']//parent::td//preceding-sibling::td"}
  (Session info: chrome=70.0.3538.77)
  (Driver info: chromedriver=2.42.591088 (7b2b2dca23cca0862f674758c9a3933e685c27d5),platform=Windows NT 10.0.17134 x86_64) (WARNING: The server did not provide any stacktrace information)
Command duration or timeout: 0 milliseconds
For documentation on this error, please visit: http://seleniumhq.org/exceptions/no_such_element.html
Build info: version: '3.14.0', revision: 'aacccce0', time: '2018-08-02T20:19:58.91Z'
System info: host: 'PUN-WKS-AC422', ip: '10.206.35.55', os.name: 'Windows 10', os.arch: 'amd64', os.version: '10.0', java.version: '1.8.0_181'
Driver info: org.openqa.selenium.chrome.ChromeDriver
Capabilities {acceptInsecureCerts: false, acceptSslCerts: false, applicationCacheEnabled: false, browserConnectionEnabled: false, browserName: chrome, chrome: {chromedriverVersion: 2.42.591088 (7b2b2dca23cca0..., userDataDir: C:\Users\DJadhav\AppData\Lo...}, cssSelectorsEnabled: true, databaseEnabled: false, goog:chromeOptions: {debuggerAddress: localhost:60463}, handlesAlerts: true, hasTouchScreen: false, javascriptEnabled: true, locationContextEnabled: true, mobileEmulationEnabled: false, nativeEvents: true, networkConnectionEnabled: false, pageLoadStrategy: normal, platform: XP, platformName: XP, rotatable: false, setWindowRect: true, takesHeapSnapshot: true, takesScreenshot: true, unexpectedAlertBehaviour: , unhandledPromptBehavior: , version: 70.0.3538.77, webStorageEnabled: true}
Session ID: b232956a0244facebadf4dffc4e3c3b7
*** Element info: {Using=xpath, value=//a[text()='teste1']//parent::td//preceding-sibling::td}
at org.openqa.selenium.remote.ErrorHandler.createThrowable(ErrorHandler.java:214)
at org.openqa.selenium.remote.ErrorHandler.throwIfResponseFailed(ErrorHandler.java:166)
at org.openqa.selenium.remote.http.JsonHttpResponseCodec.reconstructValue(JsonHttpResponseCodec.java:40)
at org.openqa.selenium.remote.http.AbstractHttpResponseCodec.decode(AbstractHttpResponseCodec.java:80)
at org.openqa.selenium.remote.http.AbstractHttpResponseCodec.decode(AbstractHttpResponseCodec.java:44)
at org.openqa.selenium.remote.HttpCommandExecutor.execute(HttpCommandExecutor.java:158)
at org.openqa.selenium.remote.service.DriverCommandExecutor.execute(DriverCommandExecutor.java:83)
at org.openqa.selenium.remote.RemoteWebDriver.execute(RemoteWebDriver.java:548)
at org.openqa.selenium.remote.RemoteWebDriver.findElement(RemoteWebDriver.java:322)
at org.openqa.selenium.remote.RemoteWebDriver.findElementByXPath(RemoteWebDriver.java:424)
at org.openqa.selenium.By$ByXPath.findElement(By.java:353)
at org.openqa.selenium.remote.RemoteWebDriver.findElement(RemoteWebDriver.java:314)
at org.openqa.selenium.support.events.EventFiringWebDriver.lambda$new$1(EventFiringWebDriver.java:105)
at com.sun.proxy.$Proxy8.findElement(Unknown Source)
at org.openqa.selenium.support.events.EventFiringWebDriver.findElement(EventFiringWebDriver.java:194)
at com.pages.UserManagement.selectUnByName(UserManagement.java:68)
at com.testcases.UserManagementPageTest.verifyUserManagementPage(UserManagementPageTest.java:40)
... Removed 32 stack frames]]>
    </failure>
  </testcase> <!-- verifyUserManagementPage -->
  <testcase name="verifyHomepageTitle" time="0.005" classname="com.testcases.HomePageTest"/>
</testsuite> <!-- Regression Test -->
